{"contracts/interfaces/IERC20.sol":{"l":{},"path":"/home/cowaves/dev/blockchain/WavesERC20/contracts/interfaces/IERC20.sol","s":{},"b":{},"f":{},"fnMap":{},"statementMap":{},"branchMap":{}},"contracts/Waves.sol":{"l":{"18":19,"19":19,"23":19,"27":4,"28":3,"29":2,"30":2,"31":2,"35":4,"36":3,"37":3,"38":2,"39":2,"40":2,"44":7,"45":7,"46":7,"50":3},"path":"/home/cowaves/dev/blockchain/WavesERC20/contracts/Waves.sol","s":{"1":19,"2":19,"3":4,"4":2,"5":2,"6":4,"7":2,"8":2,"9":7,"10":7,"11":3},"b":{"1":[3,1],"2":[3,1]},"f":{"1":19,"2":19,"3":4,"4":4,"5":7,"6":3},"fnMap":{"1":{"name":"constructor","line":17,"loc":{"start":{"line":17,"column":4},"end":{"line":20,"column":4}}},"2":{"name":"balanceOf","line":22,"loc":{"start":{"line":22,"column":4},"end":{"line":24,"column":4}}},"3":{"name":"transfer","line":26,"loc":{"start":{"line":26,"column":4},"end":{"line":32,"column":4}}},"4":{"name":"transferFrom","line":34,"loc":{"start":{"line":34,"column":4},"end":{"line":41,"column":4}}},"5":{"name":"approve","line":43,"loc":{"start":{"line":43,"column":4},"end":{"line":47,"column":4}}},"6":{"name":"allowance","line":49,"loc":{"start":{"line":49,"column":4},"end":{"line":51,"column":4}}}},"statementMap":{"1":{"start":{"line":19,"column":8},"end":{"line":19,"column":58}},"2":{"start":{"line":23,"column":8},"end":{"line":23,"column":30}},"3":{"start":{"line":27,"column":8},"end":{"line":27,"column":48}},"4":{"start":{"line":30,"column":8},"end":{"line":30,"column":44}},"5":{"start":{"line":31,"column":8},"end":{"line":31,"column":19}},"6":{"start":{"line":35,"column":8},"end":{"line":35,"column":48}},"7":{"start":{"line":39,"column":8},"end":{"line":39,"column":38}},"8":{"start":{"line":40,"column":8},"end":{"line":40,"column":19}},"9":{"start":{"line":45,"column":8},"end":{"line":45,"column":49}},"10":{"start":{"line":46,"column":8},"end":{"line":46,"column":19}},"11":{"start":{"line":50,"column":8},"end":{"line":50,"column":39}}},"branchMap":{"1":{"line":27,"type":"if","locations":[{"start":{"line":27,"column":8},"end":{"line":27,"column":8}},{"start":{"line":27,"column":8},"end":{"line":27,"column":8}}]},"2":{"line":35,"type":"if","locations":[{"start":{"line":35,"column":8},"end":{"line":35,"column":8}},{"start":{"line":35,"column":8},"end":{"line":35,"column":8}}]}}}}